#
# A fatal error has been detected by the Java Runtime Environment:
#
#  EXCEPTION_ACCESS_VIOLATION (0xc0000005) at pc=0x000000000336292f, pid=8232, tid=0x00000000000027e4
#
# JRE version: Java(TM) SE Runtime Environment (8.0_241-b07) (build 1.8.0_241-b07)
# Java VM: Java HotSpot(TM) 64-Bit Server VM (25.241-b07 mixed mode windows-amd64 compressed oops)
# Problematic frame:
# J 6 C1 java.lang.String.indexOf(II)I (70 bytes) @ 0x000000000336292f [0x0000000003362900+0x2f]
#
# Failed to write core dump. Minidumps are not enabled by default on client versions of Windows
#
# If you would like to submit a bug report, please visit:
#   http://bugreport.java.com/bugreport/crash.jsp
#

---------------  T H R E A D  ---------------

Current thread (0x0000000003166800):  JavaThread "main" [_thread_in_Java, id=10212, stack(0x0000000003060000,0x0000000003160000)]

siginfo: ExceptionCode=0xc0000005, reading address 0x0000000081348844

Registers:
RAX=0x0000000081348838, RBX=0x000000001cff3eb0, RCX=0x000000001a62c660, RDX=0x0000000083348820
RSP=0x0000000003159970, RBP=0x0000000003159c00, RSI=0x0000000083348820, RDI=0x00000001003f3e80
R8 =0x000000000000002f, R9 =0x0000000000000000, R10=0x00000001003f3ec8, R11=0x0000000000000918
R12=0x0000000000000000, R13=0x0000000003159bb0, R14=0x00000001005938b8, R15=0x0000000003166800
RIP=0x000000000336292f, EFLAGS=0x0000000000010202

Top of Stack: (sp=0x0000000003159970)
0x0000000003159970:   0000000003166800 0000000000000001
0x0000000003159980:   0000000003159c00 000000000383444c
0x0000000003159990:   00000000833377b8 0000000063c4ed76
0x00000000031599a0:   0000000003159c00 00000000038369d4
0x00000000031599b0:   0000000003159bb0 0000000003159a20
0x00000000031599c0:   0000000000000000 0000000063b8dad3
0x00000000031599d0:   0000000003159a60 0000000063c4ed76
0x00000000031599e0:   0000000003166800 0000000063c4ed76
0x00000000031599f0:   0000000000000010 0000000003387bb9
0x0000000003159a00:   000000001dba2908 0000000083348820
0x0000000003159a10:   0000000083348780 0000000003159a80
0x0000000003159a20:   0000000003159c00 00000000038372b4
0x0000000003159a30:   0000000003159ac0 0000000060e55b76
0x0000000003159a40:   00000000833375b8 0000000003387bb9
0x0000000003159a50:   00000001003f3e80 0000000003387bb9
0x0000000003159a60:   00000000840556b0 00000000da3d1408 

Instructions: (pc=0x000000000336292f)
0x000000000336290f:   f4 ff 66 66 66 0f 1f 84 00 00 00 00 00 66 66 66
0x000000000336291f:   90 89 84 24 00 a0 ff ff 55 48 83 ec 30 8b 42 0c
0x000000000336292f:   8b 70 0c 41 83 f9 00 0f 8d 0b 00 00 00 41 b9 00
0x000000000336293f:   00 00 00 e9 09 00 00 00 44 3b ce 0f 8d 78 00 00 


Register to memory mapping:

RAX=0x0000000081348838 is an unknown value
RBX={method} {0x000000001cff3eb8} 'getName' '()Ljava/lang/String;' in 'net/bytebuddy/description/type/TypeDescription$ForLoadedType'
RCX=0x000000001a62c660 is an unknown value
RDX=0x0000000083348820 is an oop
java.lang.String 
 - klass: 'java/lang/String'
RSP=0x0000000003159970 is pointing into the stack for thread: 0x0000000003166800
RBP=0x0000000003159c00 is pointing into the stack for thread: 0x0000000003166800
RSI=0x0000000083348820 is an oop
java.lang.String 
 - klass: 'java/lang/String'
RDI=0x00000001003f3e80 is pointing into metadata
R8 =0x000000000000002f is an unknown value
R9 =0x0000000000000000 is an unknown value
R10=0x00000001003f3ec8 is pointing into metadata
R11=0x0000000000000918 is an unknown value
R12=0x0000000000000000 is an unknown value
R13=0x0000000003159bb0 is pointing into the stack for thread: 0x0000000003166800
R14=0x00000001005938b8 is pointing into metadata
R15=0x0000000003166800 is a thread


Stack: [0x0000000003060000,0x0000000003160000],  sp=0x0000000003159970,  free space=998k
Native frames: (J=compiled Java code, j=interpreted, Vv=VM code, C=native code)
C  0x000000000336292f


---------------  P R O C E S S  ---------------

Java Threads: ( => current thread )
  0x000000001ba49800 JavaThread "oracle.jdbc.driver.BlockSource.ThreadedCachingBlockSource.BlockReleaser" daemon [_thread_blocked, id=7188, stack(0x000000001d360000,0x000000001d460000)]
  0x000000001b9b5000 JavaThread "mysql-cj-abandoned-connection-cleanup" daemon [_thread_blocked, id=10176, stack(0x000000001ce60000,0x000000001cf60000)]
  0x000000001b9a8800 JavaThread "container-0" [_thread_blocked, id=4040, stack(0x000000001cd60000,0x000000001ce60000)]
  0x000000001b8de800 JavaThread "Catalina-utility-2" [_thread_blocked, id=9220, stack(0x000000001cc60000,0x000000001cd60000)]
  0x000000001b930800 JavaThread "Catalina-utility-1" [_thread_blocked, id=816, stack(0x000000001af90000,0x000000001b090000)]
  0x000000001a099000 JavaThread "RMI TCP Accept-0" daemon [_thread_in_native, id=9652, stack(0x000000001a850000,0x000000001a950000)]
  0x000000001a096000 JavaThread "RMI TCP Accept-53037" daemon [_thread_in_native, id=7640, stack(0x000000001a750000,0x000000001a850000)]
  0x000000001a083000 JavaThread "RMI TCP Accept-0" daemon [_thread_in_native, id=3968, stack(0x000000001a650000,0x000000001a750000)]
  0x0000000017d0e000 JavaThread "Service Thread" daemon [_thread_blocked, id=9856, stack(0x0000000019a10000,0x0000000019b10000)]
  0x0000000017cc4800 JavaThread "C1 CompilerThread2" daemon [_thread_blocked, id=3000, stack(0x0000000019510000,0x0000000019610000)]
  0x0000000017cbd000 JavaThread "C2 CompilerThread1" daemon [_thread_blocked, id=948, stack(0x0000000019410000,0x0000000019510000)]
  0x0000000017cb7800 JavaThread "C2 CompilerThread0" daemon [_thread_blocked, id=7896, stack(0x0000000019310000,0x0000000019410000)]
  0x0000000017cb4800 JavaThread "Attach Listener" daemon [_thread_blocked, id=9496, stack(0x0000000019210000,0x0000000019310000)]
  0x0000000017cb3800 JavaThread "Signal Dispatcher" daemon [_thread_blocked, id=9740, stack(0x0000000019110000,0x0000000019210000)]
  0x000000000325e000 JavaThread "Finalizer" daemon [_thread_blocked, id=4968, stack(0x0000000018f10000,0x0000000019010000)]
  0x000000000325a800 JavaThread "Reference Handler" daemon [_thread_blocked, id=9872, stack(0x0000000018e10000,0x0000000018f10000)]
=>0x0000000003166800 JavaThread "main" [_thread_in_Java, id=10212, stack(0x0000000003060000,0x0000000003160000)]

Other Threads:
  0x0000000017c78000 VMThread [stack: 0x0000000018d10000,0x0000000018e10000] [id=484]
  0x000000001a09d800 WatcherThread [stack: 0x000000001a950000,0x000000001aa50000] [id=1584]

VM state:not at safepoint (normal execution)

VM Mutex/Monitor currently owned by a thread: None

heap address: 0x0000000083200000, size: 1998 MB, Compressed Oops mode: 32-bit
Narrow klass base: 0x0000000000000000, Narrow klass shift: 3
Compressed class space size: 1073741824 Address: 0x0000000100000000

Heap:
 PSYoungGen      total 138752K, used 64047K [0x00000000d6600000, 0x00000000e3300000, 0x0000000100000000)
  eden space 130048K, 49% used [0x00000000d6600000,0x00000000da48bd48,0x00000000de500000)
  from space 8704K, 0% used [0x00000000de500000,0x00000000de500000,0x00000000ded80000)
  to   space 11264K, 0% used [0x00000000e2800000,0x00000000e2800000,0x00000000e3300000)
 ParOldGen       total 82432K, used 17699K [0x0000000083200000, 0x0000000088280000, 0x00000000d6600000)
  object space 82432K, 21% used [0x0000000083200000,0x0000000084348f98,0x0000000088280000)
 Metaspace       used 40068K, capacity 41779K, committed 42112K, reserved 1085440K
  class space    used 5605K, capacity 5938K, committed 6016K, reserved 1048576K

Card table byte_map: [0x0000000012620000,0x0000000012a10000] byte_map_base: 0x0000000012207000

Marking Bits: (ParMarkBitMap*) 0x000000006423be30
 Begin Bits: [0x00000000130b0000, 0x0000000014fe8000)
 End Bits:   [0x0000000014fe8000, 0x0000000016f20000)

Polling page: 0x00000000015a0000

CodeCache: size=245760Kb used=6281Kb max_used=6281Kb free=239478Kb
 bounds [0x0000000003260000, 0x0000000003890000, 0x0000000012260000]
 total_blobs=3764 nmethods=3227 adapters=450
 compilation: enabled

Compilation events (10 events):
Event: 5.155 Thread 0x0000000017cc4800 nmethod 3220 0x0000000003880590 code [0x00000000038806e0, 0x00000000038807f0]
Event: 5.155 Thread 0x0000000017cc4800 3222       1       java.util.Collections$SingletonMap::size (2 bytes)
Event: 5.155 Thread 0x0000000017cc4800 nmethod 3222 0x0000000003880850 code [0x00000000038809a0, 0x0000000003880ab0]
Event: 5.155 Thread 0x0000000017cc4800 3223       1       java.util.AbstractMap$SimpleImmutableEntry::getValue (5 bytes)
Event: 5.155 Thread 0x0000000017cc4800 nmethod 3223 0x0000000003880b10 code [0x0000000003880c60, 0x0000000003880d70]
Event: 5.155 Thread 0x0000000017cc4800 3224       1       net.bytebuddy.dynamic.scaffold.MethodGraph$Compiler$Default$Key$Store$Entry$Resolved::asNode (36 bytes)
Event: 5.155 Thread 0x0000000017cc4800 nmethod 3224 0x0000000003880dd0 code [0x0000000003880f80, 0x0000000003881358]
Event: 5.155 Thread 0x0000000017cc4800 3225       1       net.bytebuddy.dynamic.scaffold.MethodGraph$Compiler$Default$Key$Store$Entry$Resolved$Node::<init> (26 bytes)
Event: 5.155 Thread 0x0000000017cc4800 nmethod 3225 0x00000000038815d0 code [0x0000000003881720, 0x0000000003881870]
Event: 5.155 Thread 0x0000000017cc4800 3226       1       net.bytebuddy.description.method.MethodDescription$AbstractBase::isVisibleTo (129 bytes)

GC Heap History (10 events):
Event: 2.377 GC heap before
{Heap before GC invocations=5 (full 0):
 PSYoungGen      total 70656K, used 21374K [0x00000000d6600000, 0x00000000db000000, 0x0000000100000000)
  eden space 65536K, 24% used [0x00000000d6600000,0x00000000d75e5da8,0x00000000da600000)
  from space 5120K, 99% used [0x00000000dab00000,0x00000000daff9c58,0x00000000db000000)
  to   space 5120K, 0% used [0x00000000da600000,0x00000000da600000,0x00000000dab00000)
 ParOldGen       total 86016K, used 7417K [0x0000000083200000, 0x0000000088600000, 0x00000000d6600000)
  object space 86016K, 8% used [0x0000000083200000,0x000000008393e4f0,0x0000000088600000)
 Metaspace       used 20189K, capacity 21129K, committed 21296K, reserved 1067008K
  class space    used 2736K, capacity 2944K, committed 2944K, reserved 1048576K
Event: 2.389 GC heap after
Heap after GC invocations=5 (full 0):
 PSYoungGen      total 70656K, used 5102K [0x00000000d6600000, 0x00000000df800000, 0x0000000100000000)
  eden space 65536K, 0% used [0x00000000d6600000,0x00000000d6600000,0x00000000da600000)
  from space 5120K, 99% used [0x00000000da600000,0x00000000daafb940,0x00000000dab00000)
  to   space 9216K, 0% used [0x00000000def00000,0x00000000def00000,0x00000000df800000)
 ParOldGen       total 86016K, used 9156K [0x0000000083200000, 0x0000000088600000, 0x00000000d6600000)
  object space 86016K, 10% used [0x0000000083200000,0x0000000083af12f8,0x0000000088600000)
 Metaspace       used 20189K, capacity 21129K, committed 21296K, reserved 1067008K
  class space    used 2736K, capacity 2944K, committed 2944K, reserved 1048576K
}
Event: 2.389 GC heap before
{Heap before GC invocations=6 (full 1):
 PSYoungGen      total 70656K, used 5102K [0x00000000d6600000, 0x00000000df800000, 0x0000000100000000)
  eden space 65536K, 0% used [0x00000000d6600000,0x00000000d6600000,0x00000000da600000)
  from space 5120K, 99% used [0x00000000da600000,0x00000000daafb940,0x00000000dab00000)
  to   space 9216K, 0% used [0x00000000def00000,0x00000000def00000,0x00000000df800000)
 ParOldGen       total 86016K, used 9156K [0x0000000083200000, 0x0000000088600000, 0x00000000d6600000)
  object space 86016K, 10% used [0x0000000083200000,0x0000000083af12f8,0x0000000088600000)
 Metaspace       used 20189K, capacity 21129K, committed 21296K, reserved 1067008K
  class space    used 2736K, capacity 2944K, committed 2944K, reserved 1048576K
Event: 2.448 GC heap after
Heap after GC invocations=6 (full 1):
 PSYoungGen      total 70656K, used 0K [0x00000000d6600000, 0x00000000df800000, 0x0000000100000000)
  eden space 65536K, 0% used [0x00000000d6600000,0x00000000d6600000,0x00000000da600000)
  from space 5120K, 0% used [0x00000000da600000,0x00000000da600000,0x00000000dab00000)
  to   space 9216K, 0% used [0x00000000def00000,0x00000000def00000,0x00000000df800000)
 ParOldGen       total 52224K, used 7314K [0x0000000083200000, 0x0000000086500000, 0x00000000d6600000)
  object space 52224K, 14% used [0x0000000083200000,0x00000000839248d0,0x0000000086500000)
 Metaspace       used 20189K, capacity 21129K, committed 21296K, reserved 1067008K
  class space    used 2736K, capacity 2944K, committed 2944K, reserved 1048576K
}
Event: 3.164 GC heap before
{Heap before GC invocations=7 (full 1):
 PSYoungGen      total 70656K, used 65517K [0x00000000d6600000, 0x00000000df800000, 0x0000000100000000)
  eden space 65536K, 99% used [0x00000000d6600000,0x00000000da5fb4e0,0x00000000da600000)
  from space 5120K, 0% used [0x00000000da600000,0x00000000da600000,0x00000000dab00000)
  to   space 9216K, 0% used [0x00000000def00000,0x00000000def00000,0x00000000df800000)
 ParOldGen       total 52224K, used 7314K [0x0000000083200000, 0x0000000086500000, 0x00000000d6600000)
  object space 52224K, 14% used [0x0000000083200000,0x00000000839248d0,0x0000000086500000)
 Metaspace       used 24637K, capacity 26267K, committed 26496K, reserved 1073152K
  class space    used 3364K, capacity 3670K, committed 3712K, reserved 1048576K
Event: 3.176 GC heap after
Heap after GC invocations=7 (full 1):
 PSYoungGen      total 119296K, used 6868K [0x00000000d6600000, 0x00000000df600000, 0x0000000100000000)
  eden space 112128K, 0% used [0x00000000d6600000,0x00000000d6600000,0x00000000dd380000)
  from space 7168K, 95% used [0x00000000def00000,0x00000000df5b5098,0x00000000df600000)
  to   space 8704K, 0% used [0x00000000de500000,0x00000000de500000,0x00000000ded80000)
 ParOldGen       total 52224K, used 7322K [0x0000000083200000, 0x0000000086500000, 0x00000000d6600000)
  object space 52224K, 14% used [0x0000000083200000,0x00000000839268d0,0x0000000086500000)
 Metaspace       used 24637K, capacity 26267K, committed 26496K, reserved 1073152K
  class space    used 3364K, capacity 3670K, committed 3712K, reserved 1048576K
}
Event: 4.199 GC heap before
{Heap before GC invocations=8 (full 1):
 PSYoungGen      total 119296K, used 89734K [0x00000000d6600000, 0x00000000df600000, 0x0000000100000000)
  eden space 112128K, 73% used [0x00000000d6600000,0x00000000db6eca10,0x00000000dd380000)
  from space 7168K, 95% used [0x00000000def00000,0x00000000df5b5098,0x00000000df600000)
  to   space 8704K, 0% used [0x00000000de500000,0x00000000de500000,0x00000000ded80000)
 ParOldGen       total 52224K, used 7322K [0x0000000083200000, 0x0000000086500000, 0x00000000d6600000)
  object space 52224K, 14% used [0x0000000083200000,0x00000000839268d0,0x0000000086500000)
 Metaspace       used 33619K, capacity 35259K, committed 35456K, reserved 1079296K
  class space    used 4615K, capacity 4956K, committed 4992K, reserved 1048576K
Event: 4.221 GC heap after
Heap after GC invocations=8 (full 1):
 PSYoungGen      total 138752K, used 8694K [0x00000000d6600000, 0x00000000e3300000, 0x0000000100000000)
  eden space 130048K, 0% used [0x00000000d6600000,0x00000000d6600000,0x00000000de500000)
  from space 8704K, 99% used [0x00000000de500000,0x00000000ded7d9d0,0x00000000ded80000)
  to   space 11264K, 0% used [0x00000000e2800000,0x00000000e2800000,0x00000000e3300000)
 ParOldGen       total 52224K, used 10837K [0x0000000083200000, 0x0000000086500000, 0x00000000d6600000)
  object space 52224K, 20% used [0x0000000083200000,0x0000000083c954f0,0x0000000086500000)
 Metaspace       used 33619K, capacity 35259K, committed 35456K, reserved 1079296K
  class space    used 4615K, capacity 4956K, committed 4992K, reserved 1048576K
}
Event: 4.221 GC heap before
{Heap before GC invocations=9 (full 2):
 PSYoungGen      total 138752K, used 8694K [0x00000000d6600000, 0x00000000e3300000, 0x0000000100000000)
  eden space 130048K, 0% used [0x00000000d6600000,0x00000000d6600000,0x00000000de500000)
  from space 8704K, 99% used [0x00000000de500000,0x00000000ded7d9d0,0x00000000ded80000)
  to   space 11264K, 0% used [0x00000000e2800000,0x00000000e2800000,0x00000000e3300000)
 ParOldGen       total 52224K, used 10837K [0x0000000083200000, 0x0000000086500000, 0x00000000d6600000)
  object space 52224K, 20% used [0x0000000083200000,0x0000000083c954f0,0x0000000086500000)
 Metaspace       used 33619K, capacity 35259K, committed 35456K, reserved 1079296K
  class space    used 4615K, capacity 4956K, committed 4992K, reserved 1048576K
Event: 4.333 GC heap after
Heap after GC invocations=9 (full 2):
 PSYoungGen      total 138752K, used 0K [0x00000000d6600000, 0x00000000e3300000, 0x0000000100000000)
  eden space 130048K, 0% used [0x00000000d6600000,0x00000000d6600000,0x00000000de500000)
  from space 8704K, 0% used [0x00000000de500000,0x00000000de500000,0x00000000ded80000)
  to   space 11264K, 0% used [0x00000000e2800000,0x00000000e2800000,0x00000000e3300000)
 ParOldGen       total 82432K, used 17699K [0x0000000083200000, 0x0000000088280000, 0x00000000d6600000)
  object space 82432K, 21% used [0x0000000083200000,0x0000000084348f98,0x0000000088280000)
 Metaspace       used 33619K, capacity 35259K, committed 35456K, reserved 1079296K
  class space    used 4615K, capacity 4956K, committed 4992K, reserved 1048576K
}

Deoptimization events (0 events):
No events

Classes redefined (0 events):
No events

Internal exceptions (10 events):
Event: 4.603 Thread 0x0000000003166800 Exception <a 'java/lang/ArrayIndexOutOfBoundsException'> (0x00000000d7800ee0) thrown at [C:\ade\jenkins\workspace\8-2-build-windows-amd64-cygwin\jdk8u241\331\hotspot\src\share\vm\runtime\sharedRuntime.cpp, line 605]
Event: 4.638 Thread 0x0000000003166800 Exception <a 'java/lang/ArrayIndexOutOfBoundsException'> (0x00000000d7991f20) thrown at [C:\ade\jenkins\workspace\8-2-build-windows-amd64-cygwin\jdk8u241\331\hotspot\src\share\vm\runtime\sharedRuntime.cpp, line 605]
Event: 4.638 Thread 0x0000000003166800 Exception <a 'java/lang/ArrayIndexOutOfBoundsException'> (0x00000000d79933f8) thrown at [C:\ade\jenkins\workspace\8-2-build-windows-amd64-cygwin\jdk8u241\331\hotspot\src\share\vm\runtime\sharedRuntime.cpp, line 605]
Event: 4.639 Thread 0x0000000003166800 Exception <a 'java/lang/ArrayIndexOutOfBoundsException'> (0x00000000d799a710) thrown at [C:\ade\jenkins\workspace\8-2-build-windows-amd64-cygwin\jdk8u241\331\hotspot\src\share\vm\runtime\sharedRuntime.cpp, line 605]
Event: 4.639 Thread 0x0000000003166800 Exception <a 'java/lang/ArrayIndexOutOfBoundsException'> (0x00000000d799b8e8) thrown at [C:\ade\jenkins\workspace\8-2-build-windows-amd64-cygwin\jdk8u241\331\hotspot\src\share\vm\runtime\sharedRuntime.cpp, line 605]
Event: 4.765 Thread 0x0000000003166800 Exception <a 'java/lang/ArrayIndexOutOfBoundsException'> (0x00000000d84715b8) thrown at [C:\ade\jenkins\workspace\8-2-build-windows-amd64-cygwin\jdk8u241\331\hotspot\src\share\vm\runtime\sharedRuntime.cpp, line 605]
Event: 4.765 Thread 0x0000000003166800 Exception <a 'java/lang/ArrayIndexOutOfBoundsException'> (0x00000000d8472bf0) thrown at [C:\ade\jenkins\workspace\8-2-build-windows-amd64-cygwin\jdk8u241\331\hotspot\src\share\vm\runtime\sharedRuntime.cpp, line 605]
Event: 4.770 Thread 0x0000000003166800 Exception <a 'java/lang/ArrayIndexOutOfBoundsException'> (0x00000000d84c4558) thrown at [C:\ade\jenkins\workspace\8-2-build-windows-amd64-cygwin\jdk8u241\331\hotspot\src\share\vm\runtime\sharedRuntime.cpp, line 605]
Event: 4.770 Thread 0x0000000003166800 Exception <a 'java/lang/ArrayIndexOutOfBoundsException'> (0x00000000d84c57c8) thrown at [C:\ade\jenkins\workspace\8-2-build-windows-amd64-cygwin\jdk8u241\331\hotspot\src\share\vm\runtime\sharedRuntime.cpp, line 605]
Event: 4.956 Thread 0x0000000003166800 Exception <a 'java/lang/ArrayIndexOutOfBoundsException'> (0x00000000d94f3520) thrown at [C:\ade\jenkins\workspace\8-2-build-windows-amd64-cygwin\jdk8u241\331\hotspot\src\share\vm\runtime\sharedRuntime.cpp, line 605]

Events (10 events):
Event: 5.097 loading class org/hibernate/persister/walking/spi/EntityIdentifierDefinition
Event: 5.097 loading class org/hibernate/persister/walking/spi/EntityIdentifierDefinition done
Event: 5.097 loading class org/hibernate/persister/walking/internal/EntityIdentifierDefinitionHelper$AttributeDefinitionAdapter
Event: 5.097 loading class org/hibernate/persister/walking/internal/EntityIdentifierDefinitionHelper$AttributeDefinitionAdapter done
Event: 5.121 loading class com/shifting_admin/model/From_house_details$HibernateProxy$AidwQyMm
Event: 5.121 loading class com/shifting_admin/model/From_house_details$HibernateProxy$AidwQyMm done
Event: 5.134 loading class com/shifting_admin/model/Office_items$HibernateProxy$4FANXXgs
Event: 5.134 loading class com/shifting_admin/model/Office_items$HibernateProxy$4FANXXgs done
Event: 5.151 loading class com/shifting_admin/model/From_office_details$HibernateProxy$bGxhYNpO
Event: 5.151 loading class com/shifting_admin/model/From_office_details$HibernateProxy$bGxhYNpO done


Dynamic libraries:
0x00007ff631e00000 - 0x00007ff631e37000 	C:\Program Files\Java\jdk1.8.0_241\bin\javaw.exe
0x00007ffcab720000 - 0x00007ffcab910000 	C:\WINDOWS\SYSTEM32\ntdll.dll
0x00007ffca9d20000 - 0x00007ffca9dd2000 	C:\WINDOWS\System32\KERNEL32.DLL
0x00007ffca8920000 - 0x00007ffca8bc5000 	C:\WINDOWS\System32\KERNELBASE.dll
0x00007ffcab5d0000 - 0x00007ffcab673000 	C:\WINDOWS\System32\ADVAPI32.dll
0x00007ffca9df0000 - 0x00007ffca9e8e000 	C:\WINDOWS\System32\msvcrt.dll
0x00007ffcaa0a0000 - 0x00007ffcaa137000 	C:\WINDOWS\System32\sechost.dll
0x00007ffca9f80000 - 0x00007ffcaa0a0000 	C:\WINDOWS\System32\RPCRT4.dll
0x00007ffcaa350000 - 0x00007ffcaa4e4000 	C:\WINDOWS\System32\USER32.dll
0x00007ffca8bf0000 - 0x00007ffca8c11000 	C:\WINDOWS\System32\win32u.dll
0x00007ffcaae00000 - 0x00007ffcaae26000 	C:\WINDOWS\System32\GDI32.dll
0x00007ffca8c50000 - 0x00007ffca8de6000 	C:\WINDOWS\System32\gdi32full.dll
0x00007ffca8770000 - 0x00007ffca880e000 	C:\WINDOWS\System32\msvcp_win.dll
0x00007ffca8ed0000 - 0x00007ffca8fca000 	C:\WINDOWS\System32\ucrtbase.dll
0x00007ffca0370000 - 0x00007ffca05f4000 	C:\WINDOWS\WinSxS\amd64_microsoft.windows.common-controls_6595b64144ccf1df_6.0.18362.1256_none_9e7e379be45e40e2\COMCTL32.dll
0x00007ffcaa9a0000 - 0x00007ffcaacd6000 	C:\WINDOWS\System32\combase.dll
0x00007ffca8e40000 - 0x00007ffca8ec1000 	C:\WINDOWS\System32\bcryptPrimitives.dll
0x00007ffcab520000 - 0x00007ffcab54e000 	C:\WINDOWS\System32\IMM32.DLL
0x00000000642c0000 - 0x0000000064392000 	C:\Program Files\Java\jdk1.8.0_241\jre\bin\msvcr100.dll
0x0000000063a10000 - 0x00000000642bc000 	C:\Program Files\Java\jdk1.8.0_241\jre\bin\server\jvm.dll
0x00007ffcaad90000 - 0x00007ffcaad98000 	C:\WINDOWS\System32\PSAPI.DLL
0x00007ffca3970000 - 0x00007ffca3994000 	C:\WINDOWS\SYSTEM32\WINMM.dll
0x00007ffca0740000 - 0x00007ffca074a000 	C:\WINDOWS\SYSTEM32\VERSION.dll
0x00007ffca3890000 - 0x00007ffca3899000 	C:\WINDOWS\SYSTEM32\WSOCK32.dll
0x00007ffca3940000 - 0x00007ffca396d000 	C:\WINDOWS\SYSTEM32\WINMMBASE.dll
0x00007ffca8df0000 - 0x00007ffca8e3a000 	C:\WINDOWS\System32\cfgmgr32.dll
0x00007ffcaa780000 - 0x00007ffcaa7ef000 	C:\WINDOWS\System32\WS2_32.dll
0x00007ffca4f10000 - 0x00007ffca4f1f000 	C:\Program Files\Java\jdk1.8.0_241\jre\bin\verify.dll
0x00007ffc9ac60000 - 0x00007ffc9ac89000 	C:\Program Files\Java\jdk1.8.0_241\jre\bin\java.dll
0x00007ffc92c50000 - 0x00007ffc92c66000 	C:\Program Files\Java\jdk1.8.0_241\jre\bin\zip.dll
0x00007ffcaae30000 - 0x00007ffcab517000 	C:\WINDOWS\System32\SHELL32.dll
0x00007ffcaace0000 - 0x00007ffcaad89000 	C:\WINDOWS\System32\shcore.dll
0x00007ffca8fd0000 - 0x00007ffca9751000 	C:\WINDOWS\System32\windows.storage.dll
0x00007ffca8720000 - 0x00007ffca8743000 	C:\WINDOWS\System32\profapi.dll
0x00007ffca86d0000 - 0x00007ffca871a000 	C:\WINDOWS\System32\powrprof.dll
0x00007ffca86a0000 - 0x00007ffca86b0000 	C:\WINDOWS\System32\UMPDC.dll
0x00007ffcaada0000 - 0x00007ffcaadf2000 	C:\WINDOWS\System32\shlwapi.dll
0x00007ffca86b0000 - 0x00007ffca86c1000 	C:\WINDOWS\System32\kernel.appcore.dll
0x00007ffca8bd0000 - 0x00007ffca8be7000 	C:\WINDOWS\System32\cryptsp.dll
0x00007ffca4ef0000 - 0x00007ffca4efd000 	C:\Program Files\Java\jdk1.8.0_241\jre\bin\management.dll
0x00007ffc90190000 - 0x00007ffc901aa000 	C:\Program Files\Java\jdk1.8.0_241\jre\bin\net.dll
0x00007ffca7e90000 - 0x00007ffca7ef7000 	C:\WINDOWS\system32\mswsock.dll
0x00007ffc90170000 - 0x00007ffc90182000 	C:\Program Files\Java\jdk1.8.0_241\jre\bin\nio.dll
0x00007ffca4310000 - 0x00007ffca4326000 	C:\WINDOWS\system32\napinsp.dll
0x00007ffc9b400000 - 0x00007ffc9b41a000 	C:\WINDOWS\system32\pnrpnsp.dll
0x00007ffca7be0000 - 0x00007ffca7cab000 	C:\WINDOWS\SYSTEM32\DNSAPI.dll
0x00007ffca9de0000 - 0x00007ffca9de8000 	C:\WINDOWS\System32\NSI.dll
0x00007ffca7ba0000 - 0x00007ffca7bda000 	C:\WINDOWS\SYSTEM32\IPHLPAPI.DLL
0x00007ffca1a80000 - 0x00007ffca1a8e000 	C:\WINDOWS\System32\winrnr.dll
0x00007ffca41b0000 - 0x00007ffca41cc000 	C:\WINDOWS\system32\NLAapi.dll
0x00007ffca4bc0000 - 0x00007ffca4bd5000 	C:\WINDOWS\system32\wshbth.dll
0x00007ffca1c70000 - 0x00007ffca1c7a000 	C:\Windows\System32\rasadhlp.dll
0x00007ffca3120000 - 0x00007ffca3197000 	C:\WINDOWS\System32\fwpuclnt.dll
0x00007ffca8c20000 - 0x00007ffca8c46000 	C:\WINDOWS\System32\bcrypt.dll
0x00007ffca7a00000 - 0x00007ffca7a33000 	C:\WINDOWS\system32\rsaenh.dll
0x00007ffca8580000 - 0x00007ffca85a5000 	C:\WINDOWS\SYSTEM32\USERENV.dll
0x00007ffca8060000 - 0x00007ffca806c000 	C:\WINDOWS\SYSTEM32\CRYPTBASE.dll
0x00007ffca3200000 - 0x00007ffca3216000 	C:\WINDOWS\SYSTEM32\dhcpcsvc6.DLL
0x00007ffca3240000 - 0x00007ffca325c000 	C:\WINDOWS\SYSTEM32\dhcpcsvc.DLL
0x00007ffca2d80000 - 0x00007ffca2f74000 	C:\WINDOWS\SYSTEM32\dbghelp.dll

VM Arguments:
jvm_args: -Dcom.sun.management.jmxremote -Dcom.sun.management.jmxremote.port=53037 -Dcom.sun.management.jmxremote.authenticate=false -Dcom.sun.management.jmxremote.ssl=false -Djava.rmi.server.hostname=localhost -Dspring.jmx.enabled=true -Dspring.liveBeansView.mbeanDomain -Dspring.application.admin.enabled=true -Xverify:none -XX:TieredStopAtLevel=1 -Dspring.boot.project.name=Shifting_Admin -Dfile.encoding=UTF-8 -Xbootclasspath:C:\Program Files\Java\jre1.8.0_241\lib\resources.jar;C:\Program Files\Java\jre1.8.0_241\lib\rt.jar;C:\Program Files\Java\jre1.8.0_241\lib\jsse.jar;C:\Program Files\Java\jre1.8.0_241\lib\jce.jar;C:\Program Files\Java\jre1.8.0_241\lib\charsets.jar;C:\Program Files\Java\jre1.8.0_241\lib\jfr.jar;C:\Program Files\Java\jre1.8.0_241\lib\ext\access-bridge-64.jar;C:\Program Files\Java\jre1.8.0_241\lib\ext\cldrdata.jar;C:\Program Files\Java\jre1.8.0_241\lib\ext\dnsns.jar;C:\Program Files\Java\jre1.8.0_241\lib\ext\jaccess.jar;C:\Program Files\Java\jre1.8.0_241\lib\ext\jfxrt.jar;C:\Program Files\Java\jre1.8.0_241\lib\ext\localedata.jar;C:\Program Files\Java\jre1.8.0_241\lib\ext\nashorn.jar;C:\Program Files\Java\jre1.8.0_241\lib\ext\sunec.jar;C:\Program Files\Java\jre1.8.0_241\lib\ext\sunjce_provider.jar;C:\Program Files\Java\jre1.8.0_241\lib\ext\sunmscapi.jar;C:\Program Files\Java\jre1.8.0_241\lib\ext\sunpkcs11.jar;C:\Program Files\Java\jre1.8.0_241\lib\ext\zipfs.jar 
java_command: com.shifting_admin.ShiftingAdminApplication --spring.output.ansi.enabled=always
java_class_path (initial): E:\workspace-sts-3.9.11.RELEASE\Shifting_Admin\target\classes;E:\ojdbc7.jar;C:\Users\Ravikiran Mukiri\.m2\repository\org\springframework\spring-aop\5.3.1\spring-aop-5.3.1.jar;C:\Users\Ravikiran Mukiri\.m2\repository\org\springframework\spring-beans\5.3.1\spring-beans-5.3.1.jar;C:\Users\Ravikiran Mukiri\.m2\repository\org\springframework\spring-context\5.3.1\spring-context-5.3.1.jar;C:\Users\Ravikiran Mukiri\.m2\repository\org\springframework\spring-expression\5.3.1\spring-expression-5.3.1.jar;C:\Users\Ravikiran Mukiri\.m2\repository\org\springframework\spring-core\5.3.1\spring-core-5.3.1.jar;C:\Users\Ravikiran Mukiri\.m2\repository\org\springframework\spring-jcl\5.3.1\spring-jcl-5.3.1.jar;C:\Users\Ravikiran Mukiri\.m2\repository\org\springframework\boot\spring-boot-starter\2.4.0\spring-boot-starter-2.4.0.jar;C:\Users\Ravikiran Mukiri\.m2\repository\org\springframework\boot\spring-boot\2.4.0\spring-boot-2.4.0.jar;C:\Users\Ravikiran Mukiri\.m2\repository\org\springframework\boot\spring-boot-autoconfigure\2.4.0\spring-boot-autoconfigure-2.4.0.jar;C:\Users\Ravikiran Mukiri\.m2\repository\org\springframework\boot\spring-boot-starter-logging\2.4.0\spring-boot-starter-logging-2.4.0.jar;C:\Users\Ravikiran Mukiri\.m2\repository\ch\qos\logback\logback-classic\1.2.3\logback-classic-1.2.3.jar;C:\Users\Ravikiran Mukiri\.m2\repository\ch\qos\logback\logback-core\1.2.3\logback-core-1.2.3.jar;C:\Users\Ravikiran Mukiri\.m2\repository\org\apache\logging\log4j\log4j-to-slf4j\2.13.3\log4j-to-slf4j-2.13.3.jar;C:\Users\Ravikiran Mukiri\.m2\repository\org\apache\logging\log4j\log4j-api\2.13.3\log4j-api-2.13.3.jar;C:\Users\Ravikiran Mukiri\.m2\repository\org\slf4j\jul-to-slf4j\1.7.30\jul-to-slf4j-1.7.30.jar;C:\Users\Ravikiran Mukiri\.m2\repository\jakarta\annotation\jakarta.annotation-api\1.3.5\jakarta.annotation-api-1.3.5.jar;C:\Users\Ravikiran Mukiri\.m2\repository\org\yaml\snakeyaml\1.27\snakeyaml-1.27.jar;C:\Users\Ravikiran Mukiri\.m2\repository\com\googlec
Launcher Type: SUN_STANDARD

Environment Variables:
JAVA_HOME=C:\Program Files\Java\jdk1.8.0_241
PATH=C:/Program Files/Java/jre1.8.0_241/bin/server;C:/Program Files/Java/jre1.8.0_241/bin;C:/Program Files/Java/jre1.8.0_241/lib/amd64;C:\Python39\Scripts\;C:\Python39\;C:\oraclexe\app\oracle\product\10.2.0\server\bin;C:\Program Files (x86)\Common Files\Oracle\Java\javapath;C:\WINDOWS\system32;C:\WINDOWS;C:\WINDOWS\System32\Wbem;C:\WINDOWS\System32\WindowsPowerShell\v1.0\;C:\Program Files\Git\cmd;C:\WINDOWS\System32\OpenSSH\;C:\Program Files\nodejs\;C:\ProgramData\chocolatey\bin;C:\Users\RavikiranMukiri\AppData\Roaming\npm\react-native.cmd;%LOCALAPPDATA%\Android\Sdk\platform-tools;C:\Users\RavikiranMukiri\AppData\Local\Android\Sdk\platform-tools;C:\Users\Ravikiran Mukiri\AppData\Local\Microsoft\WindowsApps;C:\Users\Ravikiran Mukiri\AppData\Roaming\npm;C:\Users\Ravikiran Mukiri\AppData\Local\Programs\Microsoft VS Code\bin;E:\Softwares\Spring Tool Suite\spring-tool-suite-3.9.11.RELEASE-e4.14.0-win32-x86_64\sts-bundle\sts-3.9.11.RELEASE;
USERNAME=Ravikiran
OS=Windows_NT
PROCESSOR_IDENTIFIER=Intel64 Family 6 Model 37 Stepping 5, GenuineIntel



---------------  S Y S T E M  ---------------

OS: Windows 10.0 , 64 bit Build 18362 (10.0.18362.1110)

CPU:total 4 (initial active 4) (2 cores per cpu, 2 threads per core) family 6 model 37 stepping 5, cmov, cx8, fxsr, mmx, sse, sse2, sse3, ssse3, sse4.1, sse4.2, popcnt, aes, clmul, ht, tsc, tscinvbit

Memory: 4k page, physical 8182460k(3636568k free), swap 16571068k(10443548k free)

vm_info: Java HotSpot(TM) 64-Bit Server VM (25.241-b07) for windows-amd64 JRE (1.8.0_241-b07), built on Dec 11 2019 10:21:40 by "rejava" with MS VC++ 10.0 (VS2010)

time: Fri Dec 11 17:42:05 2020
timezone: India Standard Time
elapsed time: 5 seconds (0d 0h 0m 5s)

